<?xml version="1.0" encoding="UTF-8"?>
<!-- Generated by org.testng.reporters.JUnitReportReporter -->
<testsuite hostname="DESKTOP-MOB7CUU" failures="0" tests="1" name="APITest.GetApiTest" time="2.229" errors="0" timestamp="2022-11-27T15:51:41 IST" skipped="0">
  <testcase classname="APITest.GetApiTest" name="test1" time="2.229"/>
  <system-out/>
</testsuite> <!-- APITest.GetApiTest -->
